
                Time : 1/19/2026, 2:57:43 PM
                Total Memory : 15.63 GB
                Free Memory : 4.31 GB
                Platform : win32
                CPU : 12th Gen Intel(R) Core(TM) i5-12500H
                Uptime : 1.05 hours
            
                Time : 1/19/2026, 2:57:48 PM
                Total Memory : 15.63 GB
                Free Memory : 4.30 GB
                Platform : win32
                CPU : 12th Gen Intel(R) Core(TM) i5-12500H
                Uptime : 1.05 hours
            
                Time : 1/19/2026, 2:57:53 PM
                Total Memory : 15.63 GB
                Free Memory : 4.32 GB
                Platform : win32
                CPU : 12th Gen Intel(R) Core(TM) i5-12500H
                Uptime : 1.06 hours
            
                Time : 1/19/2026, 2:57:58 PM
                Total Memory : 15.63 GB
                Free Memory : 4.31 GB
                Platform : win32
                CPU : 12th Gen Intel(R) Core(TM) i5-12500H
                Uptime : 1.06 hours
            
                Time : 1/19/2026, 2:58:03 PM
                Total Memory : 15.63 GB
                Free Memory : 4.14 GB
                Platform : win32
                CPU : 12th Gen Intel(R) Core(TM) i5-12500H
                Uptime : 1.06 hours
            
                Time : 1/19/2026, 2:58:08 PM
                Total Memory : 15.63 GB
                Free Memory : 4.06 GB
                Platform : win32
                CPU : 12th Gen Intel(R) Core(TM) i5-12500H
                Uptime : 1.06 hours
            
                Time : 1/19/2026, 2:58:13 PM
                Total Memory : 15.63 GB
                Free Memory : 4.06 GB
                Platform : win32
                CPU : 12th Gen Intel(R) Core(TM) i5-12500H
                Uptime : 1.06 hours
            